TN:
SF:src/note-functions.ts
FN:6,printWithColor
FN:26,add
FN:60,modify
FN:93,remove
FN:108,list
FN:114,(anonymous_6)
FN:132,read
FNF:7
FNH:7
FNDA:8,printWithColor
FNDA:3,add
FNDA:3,modify
FNDA:2,remove
FNDA:2,list
FNDA:1,(anonymous_6)
FNDA:2,read
DA:2,1
DA:3,1
DA:4,1
DA:6,1
DA:7,8
DA:9,1
DA:12,1
DA:15,4
DA:18,1
DA:21,1
DA:26,1
DA:27,3
DA:28,1
DA:31,3
DA:37,3
DA:39,3
DA:40,2
DA:41,1
DA:42,1
DA:43,1
DA:44,1
DA:45,1
DA:46,1
DA:47,1
DA:49,0
DA:52,1
DA:55,1
DA:57,3
DA:60,1
DA:62,3
DA:63,2
DA:64,2
DA:65,2
DA:66,1
DA:67,1
DA:68,1
DA:70,0
DA:73,2
DA:74,1
DA:76,2
DA:77,1
DA:79,2
DA:81,2
DA:82,2
DA:83,2
DA:85,0
DA:88,1
DA:90,3
DA:93,1
DA:95,2
DA:96,1
DA:97,1
DA:98,1
DA:100,0
DA:103,1
DA:105,2
DA:108,1
DA:110,2
DA:111,1
DA:112,1
DA:113,1
DA:114,1
DA:115,1
DA:116,1
DA:117,1
DA:118,1
DA:120,0
DA:124,0
DA:127,1
DA:129,2
DA:132,1
DA:134,2
DA:135,1
DA:136,1
DA:137,1
DA:138,1
DA:139,1
DA:141,0
DA:144,1
DA:146,2
LF:80
LH:73
BRDA:7,0,0,1
BRDA:7,0,1,1
BRDA:7,0,2,4
BRDA:7,0,3,1
BRDA:7,0,4,1
BRDA:27,1,0,1
BRDA:27,1,1,2
BRDA:39,2,0,2
BRDA:39,2,1,1
BRDA:40,3,0,1
BRDA:40,3,1,1
BRDA:62,4,0,2
BRDA:62,4,1,1
BRDA:65,5,0,1
BRDA:65,5,1,1
BRDA:73,6,0,1
BRDA:73,6,1,1
BRDA:76,7,0,1
BRDA:76,7,1,1
BRDA:95,8,0,1
BRDA:95,8,1,1
BRDA:110,9,0,1
BRDA:110,9,1,1
BRDA:134,10,0,1
BRDA:134,10,1,1
BRF:25
BRH:25
end_of_record
