TN:
SF:src/note-functions.ts
FN:15,printWithColor
FN:43,add
FN:86,modify
FN:125,remove
FN:145,list
FN:151,(anonymous_6)
FN:175,read
FNF:7
FNH:7
FNDA:8,printWithColor
FNDA:3,add
FNDA:3,modify
FNDA:2,remove
FNDA:2,list
FNDA:1,(anonymous_6)
FNDA:2,read
DA:2,1
DA:3,1
DA:7,1
DA:15,1
DA:16,8
DA:18,1
DA:21,1
DA:24,4
DA:27,1
DA:30,1
DA:43,1
DA:44,3
DA:45,1
DA:48,3
DA:54,3
DA:56,3
DA:57,2
DA:58,1
DA:59,1
DA:60,1
DA:61,1
DA:62,1
DA:63,1
DA:64,1
DA:66,0
DA:69,1
DA:72,1
DA:74,3
DA:86,1
DA:88,3
DA:89,2
DA:90,2
DA:91,2
DA:92,1
DA:93,1
DA:94,1
DA:96,0
DA:99,2
DA:100,1
DA:102,2
DA:103,1
DA:105,2
DA:107,2
DA:108,2
DA:109,2
DA:111,0
DA:114,1
DA:116,3
DA:125,1
DA:127,2
DA:128,1
DA:129,1
DA:130,1
DA:132,0
DA:135,1
DA:137,2
DA:145,1
DA:147,2
DA:148,1
DA:149,1
DA:150,1
DA:151,1
DA:152,1
DA:153,1
DA:154,1
DA:155,1
DA:157,0
DA:161,0
DA:164,1
DA:166,2
DA:175,1
DA:177,2
DA:178,1
DA:179,1
DA:180,1
DA:181,1
DA:182,1
DA:184,0
DA:187,1
DA:189,2
LF:80
LH:73
BRDA:16,0,0,1
BRDA:16,0,1,1
BRDA:16,0,2,4
BRDA:16,0,3,1
BRDA:16,0,4,1
BRDA:44,1,0,1
BRDA:44,1,1,2
BRDA:56,2,0,2
BRDA:56,2,1,1
BRDA:57,3,0,1
BRDA:57,3,1,1
BRDA:88,4,0,2
BRDA:88,4,1,1
BRDA:91,5,0,1
BRDA:91,5,1,1
BRDA:99,6,0,1
BRDA:99,6,1,1
BRDA:102,7,0,1
BRDA:102,7,1,1
BRDA:127,8,0,1
BRDA:127,8,1,1
BRDA:147,9,0,1
BRDA:147,9,1,1
BRDA:177,10,0,1
BRDA:177,10,1,1
BRF:25
BRH:25
end_of_record
